This file contains any messages produced by compilers while
running configure, to aid debugging if configure makes a mistake.

It was created by configure, which was
generated by GNU Autoconf 2.68.  Invocation command line was

  $ ./configure 

## --------- ##
## Platform. ##
## --------- ##

hostname = nick
uname -m = x86_64
uname -r = 4.5.4-1-ARCH
uname -s = Linux
uname -v = #1 SMP PREEMPT Wed May 11 22:21:28 CEST 2016

/usr/bin/uname -p = unknown
/bin/uname -X     = unknown

/bin/arch              = unknown
/usr/bin/arch -k       = unknown
/usr/convex/getsysinfo = unknown
/usr/bin/hostinfo      = unknown
/bin/machine           = unknown
/usr/bin/oslevel       = unknown
/bin/universe          = unknown

PATH: /usr/local/sbin
PATH: /usr/local/bin
PATH: /usr/bin
PATH: /opt/cuda/bin
PATH: /usr/lib/jvm/default/bin
PATH: /opt/opencascade/bin
PATH: /usr/bin/site_perl
PATH: /usr/bin/vendor_perl
PATH: /usr/bin/core_perl


## ----------- ##
## Core tests. ##
## ----------- ##

configure:2366: checking build system type
configure:2380: result: x86_64-unknown-linux-gnu
configure:2400: checking host system type
configure:2413: result: x86_64-unknown-linux-gnu
configure:2433: checking target system type
configure:2446: result: x86_64-unknown-linux-gnu
configure:2490: checking for a BSD-compatible install
configure:2558: result: /usr/bin/install -c
configure:2569: checking whether build environment is sane
configure:2619: result: yes
configure:2760: checking for a thread-safe mkdir -p
configure:2799: result: /usr/bin/mkdir -p
configure:2812: checking for gawk
configure:2828: found /usr/bin/gawk
configure:2839: result: gawk
configure:2850: checking whether make sets $(MAKE)
configure:2872: result: yes
configure:2958: checking whether make sets $(MAKE)
configure:2980: result: yes
configure:3001: checking for style of include used by make
configure:3029: result: GNU
configure:3099: checking for gcc
configure:3115: found /usr/bin/gcc
configure:3126: result: gcc
configure:3355: checking for C compiler version
configure:3364: gcc --version >&5
gcc (GCC) 6.1.1 20160602
Copyright (C) 2016 Free Software Foundation, Inc.
This is free software; see the source for copying conditions.  There is NO
warranty; not even for MERCHANTABILITY or FITNESS FOR A PARTICULAR PURPOSE.

configure:3375: $? = 0
configure:3364: gcc -v >&5
Using built-in specs.
COLLECT_GCC=gcc
COLLECT_LTO_WRAPPER=/usr/lib/gcc/x86_64-pc-linux-gnu/6.1.1/lto-wrapper
Target: x86_64-pc-linux-gnu
Configured with: /build/gcc/src/gcc/configure --prefix=/usr --libdir=/usr/lib --libexecdir=/usr/lib --mandir=/usr/share/man --infodir=/usr/share/info --with-bugurl=https://bugs.archlinux.org/ --enable-languages=c,c++,ada,fortran,go,lto,objc,obj-c++ --enable-shared --enable-threads=posix --enable-libmpx --with-system-zlib --with-isl --enable-__cxa_atexit --disable-libunwind-exceptions --enable-clocale=gnu --disable-libstdcxx-pch --disable-libssp --enable-gnu-unique-object --enable-linker-build-id --enable-lto --enable-plugin --enable-install-libiberty --with-linker-hash-style=gnu --enable-gnu-indirect-function --disable-multilib --disable-werror --enable-checking=release
Thread model: posix
gcc version 6.1.1 20160602 (GCC) 
configure:3375: $? = 0
configure:3364: gcc -V >&5
gcc: error: unrecognized command line option '-V'
gcc: fatal error: no input files
compilation terminated.
configure:3375: $? = 1
configure:3364: gcc -qversion >&5
gcc: error: unrecognized command line option '-qversion'; did you mean '--version'?
gcc: fatal error: no input files
compilation terminated.
configure:3375: $? = 1
configure:3395: checking whether the C compiler works
configure:3417: gcc    conftest.c  >&5
configure:3421: $? = 0
configure:3469: result: yes
configure:3472: checking for C compiler default output file name
configure:3474: result: a.out
configure:3480: checking for suffix of executables
configure:3487: gcc -o conftest    conftest.c  >&5
configure:3491: $? = 0
configure:3513: result: 
configure:3535: checking whether we are cross compiling
configure:3543: gcc -o conftest    conftest.c  >&5
configure:3547: $? = 0
configure:3554: ./conftest
configure:3558: $? = 0
configure:3573: result: no
configure:3578: checking for suffix of object files
configure:3600: gcc -c   conftest.c >&5
configure:3604: $? = 0
configure:3625: result: o
configure:3629: checking whether we are using the GNU C compiler
configure:3648: gcc -c   conftest.c >&5
configure:3648: $? = 0
configure:3657: result: yes
configure:3666: checking whether gcc accepts -g
configure:3686: gcc -c -g  conftest.c >&5
configure:3686: $? = 0
configure:3727: result: yes
configure:3744: checking for gcc option to accept ISO C89
configure:3808: gcc  -c -g -O2  conftest.c >&5
configure:3808: $? = 0
configure:3821: result: none needed
configure:3843: checking dependency style of gcc
configure:3953: result: gcc3
configure:3969: checking for library containing strerror
configure:4000: gcc -o conftest -g -O2   conftest.c  >&5
configure:4000: $? = 0
configure:4017: result: none required
configure:4073: checking for gcc
configure:4100: result: gcc
configure:4329: checking for C compiler version
configure:4338: gcc --version >&5
gcc (GCC) 6.1.1 20160602
Copyright (C) 2016 Free Software Foundation, Inc.
This is free software; see the source for copying conditions.  There is NO
warranty; not even for MERCHANTABILITY or FITNESS FOR A PARTICULAR PURPOSE.

configure:4349: $? = 0
configure:4338: gcc -v >&5
Using built-in specs.
COLLECT_GCC=gcc
COLLECT_LTO_WRAPPER=/usr/lib/gcc/x86_64-pc-linux-gnu/6.1.1/lto-wrapper
Target: x86_64-pc-linux-gnu
Configured with: /build/gcc/src/gcc/configure --prefix=/usr --libdir=/usr/lib --libexecdir=/usr/lib --mandir=/usr/share/man --infodir=/usr/share/info --with-bugurl=https://bugs.archlinux.org/ --enable-languages=c,c++,ada,fortran,go,lto,objc,obj-c++ --enable-shared --enable-threads=posix --enable-libmpx --with-system-zlib --with-isl --enable-__cxa_atexit --disable-libunwind-exceptions --enable-clocale=gnu --disable-libstdcxx-pch --disable-libssp --enable-gnu-unique-object --enable-linker-build-id --enable-lto --enable-plugin --enable-install-libiberty --with-linker-hash-style=gnu --enable-gnu-indirect-function --disable-multilib --disable-werror --enable-checking=release
Thread model: posix
gcc version 6.1.1 20160602 (GCC) 
configure:4349: $? = 0
configure:4338: gcc -V >&5
gcc: error: unrecognized command line option '-V'
gcc: fatal error: no input files
compilation terminated.
configure:4349: $? = 1
configure:4338: gcc -qversion >&5
gcc: error: unrecognized command line option '-qversion'; did you mean '--version'?
gcc: fatal error: no input files
compilation terminated.
configure:4349: $? = 1
configure:4353: checking whether we are using the GNU C compiler
configure:4381: result: yes
configure:4390: checking whether gcc accepts -g
configure:4451: result: yes
configure:4468: checking for gcc option to accept ISO C89
configure:4545: result: none needed
configure:4567: checking dependency style of gcc
configure:4677: result: gcc3
configure:4740: checking for gcc
configure:4767: result: gcc
configure:4996: checking for C compiler version
configure:5005: gcc --version >&5
gcc (GCC) 6.1.1 20160602
Copyright (C) 2016 Free Software Foundation, Inc.
This is free software; see the source for copying conditions.  There is NO
warranty; not even for MERCHANTABILITY or FITNESS FOR A PARTICULAR PURPOSE.

configure:5016: $? = 0
configure:5005: gcc -v >&5
Using built-in specs.
COLLECT_GCC=gcc
COLLECT_LTO_WRAPPER=/usr/lib/gcc/x86_64-pc-linux-gnu/6.1.1/lto-wrapper
Target: x86_64-pc-linux-gnu
Configured with: /build/gcc/src/gcc/configure --prefix=/usr --libdir=/usr/lib --libexecdir=/usr/lib --mandir=/usr/share/man --infodir=/usr/share/info --with-bugurl=https://bugs.archlinux.org/ --enable-languages=c,c++,ada,fortran,go,lto,objc,obj-c++ --enable-shared --enable-threads=posix --enable-libmpx --with-system-zlib --with-isl --enable-__cxa_atexit --disable-libunwind-exceptions --enable-clocale=gnu --disable-libstdcxx-pch --disable-libssp --enable-gnu-unique-object --enable-linker-build-id --enable-lto --enable-plugin --enable-install-libiberty --with-linker-hash-style=gnu --enable-gnu-indirect-function --disable-multilib --disable-werror --enable-checking=release
Thread model: posix
gcc version 6.1.1 20160602 (GCC) 
configure:5016: $? = 0
configure:5005: gcc -V >&5
gcc: error: unrecognized command line option '-V'
gcc: fatal error: no input files
compilation terminated.
configure:5016: $? = 1
configure:5005: gcc -qversion >&5
gcc: error: unrecognized command line option '-qversion'; did you mean '--version'?
gcc: fatal error: no input files
compilation terminated.
configure:5016: $? = 1
configure:5020: checking whether we are using the GNU C compiler
configure:5048: result: yes
configure:5057: checking whether gcc accepts -g
configure:5118: result: yes
configure:5135: checking for gcc option to accept ISO C89
configure:5212: result: none needed
configure:5234: checking dependency style of gcc
configure:5344: result: gcc3
configure:5362: checking for an ANSI C-conforming const
configure:5427: gcc -c -g -O2  conftest.c >&5
configure:5427: $? = 0
configure:5434: result: yes
configure:5442: checking for inline
configure:5458: gcc -c -g -O2  conftest.c >&5
configure:5458: $? = 0
configure:5466: result: inline
configure:5489: checking how to run the C preprocessor
configure:5520: gcc -E  conftest.c
configure:5520: $? = 0
configure:5534: gcc -E  conftest.c
conftest.c:11:28: fatal error: ac_nonexistent.h: No such file or directory
 #include <ac_nonexistent.h>
                            ^
compilation terminated.
configure:5534: $? = 1
configure: failed program was:
| /* confdefs.h */
| #define PACKAGE_NAME ""
| #define PACKAGE_TARNAME ""
| #define PACKAGE_VERSION ""
| #define PACKAGE_STRING ""
| #define PACKAGE_BUGREPORT ""
| #define PACKAGE_URL ""
| #define PACKAGE "soundmodem"
| #define VERSION "0.16"
| /* end confdefs.h.  */
| #include <ac_nonexistent.h>
configure:5559: result: gcc -E
configure:5579: gcc -E  conftest.c
configure:5579: $? = 0
configure:5593: gcc -E  conftest.c
conftest.c:11:28: fatal error: ac_nonexistent.h: No such file or directory
 #include <ac_nonexistent.h>
                            ^
compilation terminated.
configure:5593: $? = 1
configure: failed program was:
| /* confdefs.h */
| #define PACKAGE_NAME ""
| #define PACKAGE_TARNAME ""
| #define PACKAGE_VERSION ""
| #define PACKAGE_STRING ""
| #define PACKAGE_BUGREPORT ""
| #define PACKAGE_URL ""
| #define PACKAGE "soundmodem"
| #define VERSION "0.16"
| /* end confdefs.h.  */
| #include <ac_nonexistent.h>
configure:5622: checking for grep that handles long lines and -e
configure:5680: result: /usr/bin/grep
configure:5685: checking for egrep
configure:5747: result: /usr/bin/grep -E
configure:5752: checking for ANSI C header files
configure:5772: gcc -c -g -O2  conftest.c >&5
configure:5772: $? = 0
configure:5845: gcc -o conftest -g -O2   conftest.c  >&5
configure:5845: $? = 0
configure:5845: ./conftest
configure:5845: $? = 0
configure:5856: result: yes
configure:5869: checking for sys/types.h
configure:5869: gcc -c -g -O2  conftest.c >&5
configure:5869: $? = 0
configure:5869: result: yes
configure:5869: checking for sys/stat.h
configure:5869: gcc -c -g -O2  conftest.c >&5
configure:5869: $? = 0
configure:5869: result: yes
configure:5869: checking for stdlib.h
configure:5869: gcc -c -g -O2  conftest.c >&5
configure:5869: $? = 0
configure:5869: result: yes
configure:5869: checking for string.h
configure:5869: gcc -c -g -O2  conftest.c >&5
configure:5869: $? = 0
configure:5869: result: yes
configure:5869: checking for memory.h
configure:5869: gcc -c -g -O2  conftest.c >&5
configure:5869: $? = 0
configure:5869: result: yes
configure:5869: checking for strings.h
configure:5869: gcc -c -g -O2  conftest.c >&5
configure:5869: $? = 0
configure:5869: result: yes
configure:5869: checking for inttypes.h
configure:5869: gcc -c -g -O2  conftest.c >&5
configure:5869: $? = 0
configure:5869: result: yes
configure:5869: checking for stdint.h
configure:5869: gcc -c -g -O2  conftest.c >&5
configure:5869: $? = 0
configure:5869: result: yes
configure:5869: checking for unistd.h
configure:5869: gcc -c -g -O2  conftest.c >&5
configure:5869: $? = 0
configure:5869: result: yes
configure:5881: checking for size_t
configure:5881: gcc -c -g -O2  conftest.c >&5
configure:5881: $? = 0
configure:5881: gcc -c -g -O2  conftest.c >&5
conftest.c: In function 'main':
conftest.c:57:21: error: expected expression before ')' token
 if (sizeof ((size_t)))
                     ^
configure:5881: $? = 1
configure: failed program was:
| /* confdefs.h */
| #define PACKAGE_NAME ""
| #define PACKAGE_TARNAME ""
| #define PACKAGE_VERSION ""
| #define PACKAGE_STRING ""
| #define PACKAGE_BUGREPORT ""
| #define PACKAGE_URL ""
| #define PACKAGE "soundmodem"
| #define VERSION "0.16"
| #define STDC_HEADERS 1
| #define HAVE_SYS_TYPES_H 1
| #define HAVE_SYS_STAT_H 1
| #define HAVE_STDLIB_H 1
| #define HAVE_STRING_H 1
| #define HAVE_MEMORY_H 1
| #define HAVE_STRINGS_H 1
| #define HAVE_INTTYPES_H 1
| #define HAVE_STDINT_H 1
| #define HAVE_UNISTD_H 1
| /* end confdefs.h.  */
| #include <stdio.h>
| #ifdef HAVE_SYS_TYPES_H
| # include <sys/types.h>
| #endif
| #ifdef HAVE_SYS_STAT_H
| # include <sys/stat.h>
| #endif
| #ifdef STDC_HEADERS
| # include <stdlib.h>
| # include <stddef.h>
| #else
| # ifdef HAVE_STDLIB_H
| #  include <stdlib.h>
| # endif
| #endif
| #ifdef HAVE_STRING_H
| # if !defined STDC_HEADERS && defined HAVE_MEMORY_H
| #  include <memory.h>
| # endif
| # include <string.h>
| #endif
| #ifdef HAVE_STRINGS_H
| # include <strings.h>
| #endif
| #ifdef HAVE_INTTYPES_H
| # include <inttypes.h>
| #endif
| #ifdef HAVE_STDINT_H
| # include <stdint.h>
| #endif
| #ifdef HAVE_UNISTD_H
| # include <unistd.h>
| #endif
| int
| main ()
| {
| if (sizeof ((size_t)))
| 	    return 0;
|   ;
|   return 0;
| }
configure:5881: result: yes
configure:5894: checking for working alloca.h
configure:5911: gcc -o conftest -g -O2   conftest.c  >&5
configure:5911: $? = 0
configure:5919: result: yes
configure:5927: checking for alloca
configure:5964: gcc -o conftest -g -O2   conftest.c  >&5
configure:5964: $? = 0
configure:5972: result: yes
configure:6139: checking for g++
configure:6155: found /usr/bin/g++
configure:6166: result: g++
configure:6193: checking for C++ compiler version
configure:6202: g++ --version >&5
g++ (GCC) 6.1.1 20160602
Copyright (C) 2016 Free Software Foundation, Inc.
This is free software; see the source for copying conditions.  There is NO
warranty; not even for MERCHANTABILITY or FITNESS FOR A PARTICULAR PURPOSE.

configure:6213: $? = 0
configure:6202: g++ -v >&5
Using built-in specs.
COLLECT_GCC=g++
COLLECT_LTO_WRAPPER=/usr/lib/gcc/x86_64-pc-linux-gnu/6.1.1/lto-wrapper
Target: x86_64-pc-linux-gnu
Configured with: /build/gcc/src/gcc/configure --prefix=/usr --libdir=/usr/lib --libexecdir=/usr/lib --mandir=/usr/share/man --infodir=/usr/share/info --with-bugurl=https://bugs.archlinux.org/ --enable-languages=c,c++,ada,fortran,go,lto,objc,obj-c++ --enable-shared --enable-threads=posix --enable-libmpx --with-system-zlib --with-isl --enable-__cxa_atexit --disable-libunwind-exceptions --enable-clocale=gnu --disable-libstdcxx-pch --disable-libssp --enable-gnu-unique-object --enable-linker-build-id --enable-lto --enable-plugin --enable-install-libiberty --with-linker-hash-style=gnu --enable-gnu-indirect-function --disable-multilib --disable-werror --enable-checking=release
Thread model: posix
gcc version 6.1.1 20160602 (GCC) 
configure:6213: $? = 0
configure:6202: g++ -V >&5
g++: error: unrecognized command line option '-V'
g++: fatal error: no input files
compilation terminated.
configure:6213: $? = 1
configure:6202: g++ -qversion >&5
g++: error: unrecognized command line option '-qversion'; did you mean '--version'?
g++: fatal error: no input files
compilation terminated.
configure:6213: $? = 1
configure:6217: checking whether we are using the GNU C++ compiler
configure:6236: g++ -c   conftest.cpp >&5
configure:6236: $? = 0
configure:6245: result: yes
configure:6254: checking whether g++ accepts -g
configure:6274: g++ -c -g  conftest.cpp >&5
configure:6274: $? = 0
configure:6315: result: yes
configure:6340: checking dependency style of g++
configure:6450: result: gcc3
configure:6468: checking for ranlib
configure:6484: found /usr/bin/ranlib
configure:6496: result: ranlib
configure:6506: checking for dlltool
configure:6534: result: dlltool
configure:6544: checking for as
configure:6572: result: as
configure:6582: checking for ar
configure:6610: result: ar
configure:6620: checking for ld
configure:6648: result: ld
configure:6658: checking for windres
configure:6686: result: i686-pc-cygwin-windres
configure:6725: checking for sqrt in -lm
configure:6750: gcc -o conftest -g -O2   conftest.c -lm   >&5
conftest.c:30:6: warning: conflicting types for built-in function 'sqrt'
 char sqrt ();
      ^~~~
configure:6750: $? = 0
configure:6759: result: yes
configure:6771: checking for pthread_create in -lpthread32
configure:6796: gcc -o conftest -g -O2   conftest.c -lpthread32  -lm  >&5
/usr/bin/ld: cannot find -lpthread32
collect2: error: ld returned 1 exit status
configure:6796: $? = 1
configure: failed program was:
| /* confdefs.h */
| #define PACKAGE_NAME ""
| #define PACKAGE_TARNAME ""
| #define PACKAGE_VERSION ""
| #define PACKAGE_STRING ""
| #define PACKAGE_BUGREPORT ""
| #define PACKAGE_URL ""
| #define PACKAGE "soundmodem"
| #define VERSION "0.16"
| #define STDC_HEADERS 1
| #define HAVE_SYS_TYPES_H 1
| #define HAVE_SYS_STAT_H 1
| #define HAVE_STDLIB_H 1
| #define HAVE_STRING_H 1
| #define HAVE_MEMORY_H 1
| #define HAVE_STRINGS_H 1
| #define HAVE_INTTYPES_H 1
| #define HAVE_STDINT_H 1
| #define HAVE_UNISTD_H 1
| #define HAVE_ALLOCA_H 1
| #define HAVE_ALLOCA 1
| #define HAVE_LIBM 1
| /* end confdefs.h.  */
| 
| /* Override any GCC internal prototype to avoid an error.
|    Use char because int might match the return type of a GCC
|    builtin and then its argument prototype would still apply.  */
| #ifdef __cplusplus
| extern "C"
| #endif
| char pthread_create ();
| int
| main ()
| {
| return pthread_create ();
|   ;
|   return 0;
| }
configure:6805: result: no
configure:6810: checking for pthread_create in -lpthread
configure:6835: gcc -o conftest -g -O2   conftest.c -lpthread  -lm  >&5
configure:6835: $? = 0
configure:6844: result: yes
configure:6852: checking for sched_setscheduler in -lposix4
configure:6877: gcc -o conftest -g -O2   conftest.c -lposix4  -lm  >&5
/usr/bin/ld: cannot find -lposix4
collect2: error: ld returned 1 exit status
configure:6877: $? = 1
configure: failed program was:
| /* confdefs.h */
| #define PACKAGE_NAME ""
| #define PACKAGE_TARNAME ""
| #define PACKAGE_VERSION ""
| #define PACKAGE_STRING ""
| #define PACKAGE_BUGREPORT ""
| #define PACKAGE_URL ""
| #define PACKAGE "soundmodem"
| #define VERSION "0.16"
| #define STDC_HEADERS 1
| #define HAVE_SYS_TYPES_H 1
| #define HAVE_SYS_STAT_H 1
| #define HAVE_STDLIB_H 1
| #define HAVE_STRING_H 1
| #define HAVE_MEMORY_H 1
| #define HAVE_STRINGS_H 1
| #define HAVE_INTTYPES_H 1
| #define HAVE_STDINT_H 1
| #define HAVE_UNISTD_H 1
| #define HAVE_ALLOCA_H 1
| #define HAVE_ALLOCA 1
| #define HAVE_LIBM 1
| /* end confdefs.h.  */
| 
| /* Override any GCC internal prototype to avoid an error.
|    Use char because int might match the return type of a GCC
|    builtin and then its argument prototype would still apply.  */
| #ifdef __cplusplus
| extern "C"
| #endif
| char sched_setscheduler ();
| int
| main ()
| {
| return sched_setscheduler ();
|   ;
|   return 0;
| }
configure:6886: result: no
configure:6897: checking for GUID_NULL in -luuid
configure:6922: gcc -o conftest -g -O2   conftest.c -luuid  -lm  >&5
/tmp/ccblldHp.o: In function `main':
/home/nick/Prog/soundmodem-0.16/conftest.c:35: undefined reference to `GUID_NULL'
collect2: error: ld returned 1 exit status
configure:6922: $? = 1
configure: failed program was:
| /* confdefs.h */
| #define PACKAGE_NAME ""
| #define PACKAGE_TARNAME ""
| #define PACKAGE_VERSION ""
| #define PACKAGE_STRING ""
| #define PACKAGE_BUGREPORT ""
| #define PACKAGE_URL ""
| #define PACKAGE "soundmodem"
| #define VERSION "0.16"
| #define STDC_HEADERS 1
| #define HAVE_SYS_TYPES_H 1
| #define HAVE_SYS_STAT_H 1
| #define HAVE_STDLIB_H 1
| #define HAVE_STRING_H 1
| #define HAVE_MEMORY_H 1
| #define HAVE_STRINGS_H 1
| #define HAVE_INTTYPES_H 1
| #define HAVE_STDINT_H 1
| #define HAVE_UNISTD_H 1
| #define HAVE_ALLOCA_H 1
| #define HAVE_ALLOCA 1
| #define HAVE_LIBM 1
| /* end confdefs.h.  */
| 
| /* Override any GCC internal prototype to avoid an error.
|    Use char because int might match the return type of a GCC
|    builtin and then its argument prototype would still apply.  */
| #ifdef __cplusplus
| extern "C"
| #endif
| char GUID_NULL ();
| int
| main ()
| {
| return GUID_NULL ();
|   ;
|   return 0;
| }
configure:6931: result: no
configure:6944: checking for getopt_long
configure:6944: gcc -o conftest -g -O2   conftest.c -lm  >&5
configure:6944: $? = 0
configure:6944: result: yes
configure:6968: checking sys/audioio.h usability
configure:6968: gcc -c -g -O2  conftest.c >&5
conftest.c:58:25: fatal error: sys/audioio.h: No such file or directory
 #include <sys/audioio.h>
                         ^
compilation terminated.
configure:6968: $? = 1
configure: failed program was:
| /* confdefs.h */
| #define PACKAGE_NAME ""
| #define PACKAGE_TARNAME ""
| #define PACKAGE_VERSION ""
| #define PACKAGE_STRING ""
| #define PACKAGE_BUGREPORT ""
| #define PACKAGE_URL ""
| #define PACKAGE "soundmodem"
| #define VERSION "0.16"
| #define STDC_HEADERS 1
| #define HAVE_SYS_TYPES_H 1
| #define HAVE_SYS_STAT_H 1
| #define HAVE_STDLIB_H 1
| #define HAVE_STRING_H 1
| #define HAVE_MEMORY_H 1
| #define HAVE_STRINGS_H 1
| #define HAVE_INTTYPES_H 1
| #define HAVE_STDINT_H 1
| #define HAVE_UNISTD_H 1
| #define HAVE_ALLOCA_H 1
| #define HAVE_ALLOCA 1
| #define HAVE_LIBM 1
| #define HAVE_GETOPT_LONG 1
| /* end confdefs.h.  */
| #include <stdio.h>
| #ifdef HAVE_SYS_TYPES_H
| # include <sys/types.h>
| #endif
| #ifdef HAVE_SYS_STAT_H
| # include <sys/stat.h>
| #endif
| #ifdef STDC_HEADERS
| # include <stdlib.h>
| # include <stddef.h>
| #else
| # ifdef HAVE_STDLIB_H
| #  include <stdlib.h>
| # endif
| #endif
| #ifdef HAVE_STRING_H
| # if !defined STDC_HEADERS && defined HAVE_MEMORY_H
| #  include <memory.h>
| # endif
| # include <string.h>
| #endif
| #ifdef HAVE_STRINGS_H
| # include <strings.h>
| #endif
| #ifdef HAVE_INTTYPES_H
| # include <inttypes.h>
| #endif
| #ifdef HAVE_STDINT_H
| # include <stdint.h>
| #endif
| #ifdef HAVE_UNISTD_H
| # include <unistd.h>
| #endif
| #include <sys/audioio.h>
configure:6968: result: no
configure:6968: checking sys/audioio.h presence
configure:6968: gcc -E  conftest.c
conftest.c:25:25: fatal error: sys/audioio.h: No such file or directory
 #include <sys/audioio.h>
                         ^
compilation terminated.
configure:6968: $? = 1
configure: failed program was:
| /* confdefs.h */
| #define PACKAGE_NAME ""
| #define PACKAGE_TARNAME ""
| #define PACKAGE_VERSION ""
| #define PACKAGE_STRING ""
| #define PACKAGE_BUGREPORT ""
| #define PACKAGE_URL ""
| #define PACKAGE "soundmodem"
| #define VERSION "0.16"
| #define STDC_HEADERS 1
| #define HAVE_SYS_TYPES_H 1
| #define HAVE_SYS_STAT_H 1
| #define HAVE_STDLIB_H 1
| #define HAVE_STRING_H 1
| #define HAVE_MEMORY_H 1
| #define HAVE_STRINGS_H 1
| #define HAVE_INTTYPES_H 1
| #define HAVE_STDINT_H 1
| #define HAVE_UNISTD_H 1
| #define HAVE_ALLOCA_H 1
| #define HAVE_ALLOCA 1
| #define HAVE_LIBM 1
| #define HAVE_GETOPT_LONG 1
| /* end confdefs.h.  */
| #include <sys/audioio.h>
configure:6968: result: no
configure:6968: checking for sys/audioio.h
configure:6968: result: no
configure:6968: checking stropts.h usability
configure:6968: gcc -c -g -O2  conftest.c >&5
configure:6968: $? = 0
configure:6968: result: yes
configure:6968: checking stropts.h presence
configure:6968: gcc -E  conftest.c
configure:6968: $? = 0
configure:6968: result: yes
configure:6968: checking for stropts.h
configure:6968: result: yes
configure:6968: checking sys/conf.h usability
configure:6968: gcc -c -g -O2  conftest.c >&5
conftest.c:59:22: fatal error: sys/conf.h: No such file or directory
 #include <sys/conf.h>
                      ^
compilation terminated.
configure:6968: $? = 1
configure: failed program was:
| /* confdefs.h */
| #define PACKAGE_NAME ""
| #define PACKAGE_TARNAME ""
| #define PACKAGE_VERSION ""
| #define PACKAGE_STRING ""
| #define PACKAGE_BUGREPORT ""
| #define PACKAGE_URL ""
| #define PACKAGE "soundmodem"
| #define VERSION "0.16"
| #define STDC_HEADERS 1
| #define HAVE_SYS_TYPES_H 1
| #define HAVE_SYS_STAT_H 1
| #define HAVE_STDLIB_H 1
| #define HAVE_STRING_H 1
| #define HAVE_MEMORY_H 1
| #define HAVE_STRINGS_H 1
| #define HAVE_INTTYPES_H 1
| #define HAVE_STDINT_H 1
| #define HAVE_UNISTD_H 1
| #define HAVE_ALLOCA_H 1
| #define HAVE_ALLOCA 1
| #define HAVE_LIBM 1
| #define HAVE_GETOPT_LONG 1
| #define HAVE_STROPTS_H 1
| /* end confdefs.h.  */
| #include <stdio.h>
| #ifdef HAVE_SYS_TYPES_H
| # include <sys/types.h>
| #endif
| #ifdef HAVE_SYS_STAT_H
| # include <sys/stat.h>
| #endif
| #ifdef STDC_HEADERS
| # include <stdlib.h>
| # include <stddef.h>
| #else
| # ifdef HAVE_STDLIB_H
| #  include <stdlib.h>
| # endif
| #endif
| #ifdef HAVE_STRING_H
| # if !defined STDC_HEADERS && defined HAVE_MEMORY_H
| #  include <memory.h>
| # endif
| # include <string.h>
| #endif
| #ifdef HAVE_STRINGS_H
| # include <strings.h>
| #endif
| #ifdef HAVE_INTTYPES_H
| # include <inttypes.h>
| #endif
| #ifdef HAVE_STDINT_H
| # include <stdint.h>
| #endif
| #ifdef HAVE_UNISTD_H
| # include <unistd.h>
| #endif
| #include <sys/conf.h>
configure:6968: result: no
configure:6968: checking sys/conf.h presence
configure:6968: gcc -E  conftest.c
conftest.c:26:22: fatal error: sys/conf.h: No such file or directory
 #include <sys/conf.h>
                      ^
compilation terminated.
configure:6968: $? = 1
configure: failed program was:
| /* confdefs.h */
| #define PACKAGE_NAME ""
| #define PACKAGE_TARNAME ""
| #define PACKAGE_VERSION ""
| #define PACKAGE_STRING ""
| #define PACKAGE_BUGREPORT ""
| #define PACKAGE_URL ""
| #define PACKAGE "soundmodem"
| #define VERSION "0.16"
| #define STDC_HEADERS 1
| #define HAVE_SYS_TYPES_H 1
| #define HAVE_SYS_STAT_H 1
| #define HAVE_STDLIB_H 1
| #define HAVE_STRING_H 1
| #define HAVE_MEMORY_H 1
| #define HAVE_STRINGS_H 1
| #define HAVE_INTTYPES_H 1
| #define HAVE_STDINT_H 1
| #define HAVE_UNISTD_H 1
| #define HAVE_ALLOCA_H 1
| #define HAVE_ALLOCA 1
| #define HAVE_LIBM 1
| #define HAVE_GETOPT_LONG 1
| #define HAVE_STROPTS_H 1
| /* end confdefs.h.  */
| #include <sys/conf.h>
configure:6968: result: no
configure:6968: checking for sys/conf.h
configure:6968: result: no
configure:6968: checking sys/soundcard.h usability
configure:6968: gcc -c -g -O2  conftest.c >&5
configure:6968: $? = 0
configure:6968: result: yes
configure:6968: checking sys/soundcard.h presence
configure:6968: gcc -E  conftest.c
configure:6968: $? = 0
configure:6968: result: yes
configure:6968: checking for sys/soundcard.h
configure:6968: result: yes
configure:6968: checking sys/ioctl.h usability
configure:6968: gcc -c -g -O2  conftest.c >&5
configure:6968: $? = 0
configure:6968: result: yes
configure:6968: checking sys/ioctl.h presence
configure:6968: gcc -E  conftest.c
configure:6968: $? = 0
configure:6968: result: yes
configure:6968: checking for sys/ioctl.h
configure:6968: result: yes
configure:6968: checking time.h usability
configure:6968: gcc -c -g -O2  conftest.c >&5
configure:6968: $? = 0
configure:6968: result: yes
configure:6968: checking time.h presence
configure:6968: gcc -E  conftest.c
configure:6968: $? = 0
configure:6968: result: yes
configure:6968: checking for time.h
configure:6968: result: yes
configure:6968: checking for inttypes.h
configure:6968: result: yes
configure:6968: checking net/if_arp.h usability
configure:6968: gcc -c -g -O2  conftest.c >&5
configure:6968: $? = 0
configure:6968: result: yes
configure:6968: checking net/if_arp.h presence
configure:6968: gcc -E  conftest.c
configure:6968: $? = 0
configure:6968: result: yes
configure:6968: checking for net/if_arp.h
configure:6968: result: yes
configure:6981: checking pty.h usability
configure:6981: gcc -c -g -O2  conftest.c >&5
configure:6981: $? = 0
configure:6981: result: yes
configure:6981: checking pty.h presence
configure:6981: gcc -E  conftest.c
configure:6981: $? = 0
configure:6981: result: yes
configure:6981: checking for pty.h
configure:6981: result: yes
configure:6981: checking getopt.h usability
configure:6981: gcc -c -g -O2  conftest.c >&5
configure:6981: $? = 0
configure:6981: result: yes
configure:6981: checking getopt.h presence
configure:6981: gcc -E  conftest.c
configure:6981: $? = 0
configure:6981: result: yes
configure:6981: checking for getopt.h
configure:6981: result: yes
configure:6981: checking syslog.h usability
configure:6981: gcc -c -g -O2  conftest.c >&5
configure:6981: $? = 0
configure:6981: result: yes
configure:6981: checking syslog.h presence
configure:6981: gcc -E  conftest.c
configure:6981: $? = 0
configure:6981: result: yes
configure:6981: checking for syslog.h
configure:6981: result: yes
configure:6981: checking sched.h usability
configure:6981: gcc -c -g -O2  conftest.c >&5
configure:6981: $? = 0
configure:6981: result: yes
configure:6981: checking sched.h presence
configure:6981: gcc -E  conftest.c
configure:6981: $? = 0
configure:6981: result: yes
configure:6981: checking for sched.h
configure:6981: result: yes
configure:6981: checking linux/sockios.h usability
configure:6981: gcc -c -g -O2  conftest.c >&5
configure:6981: $? = 0
configure:6981: result: yes
configure:6981: checking linux/sockios.h presence
configure:6981: gcc -E  conftest.c
configure:6981: $? = 0
configure:6981: result: yes
configure:6981: checking for linux/sockios.h
configure:6981: result: yes
configure:6981: checking sys/ioccom.h usability
configure:6981: gcc -c -g -O2  conftest.c >&5
conftest.c:69:24: fatal error: sys/ioccom.h: No such file or directory
 #include <sys/ioccom.h>
                        ^
compilation terminated.
configure:6981: $? = 1
configure: failed program was:
| /* confdefs.h */
| #define PACKAGE_NAME ""
| #define PACKAGE_TARNAME ""
| #define PACKAGE_VERSION ""
| #define PACKAGE_STRING ""
| #define PACKAGE_BUGREPORT ""
| #define PACKAGE_URL ""
| #define PACKAGE "soundmodem"
| #define VERSION "0.16"
| #define STDC_HEADERS 1
| #define HAVE_SYS_TYPES_H 1
| #define HAVE_SYS_STAT_H 1
| #define HAVE_STDLIB_H 1
| #define HAVE_STRING_H 1
| #define HAVE_MEMORY_H 1
| #define HAVE_STRINGS_H 1
| #define HAVE_INTTYPES_H 1
| #define HAVE_STDINT_H 1
| #define HAVE_UNISTD_H 1
| #define HAVE_ALLOCA_H 1
| #define HAVE_ALLOCA 1
| #define HAVE_LIBM 1
| #define HAVE_GETOPT_LONG 1
| #define HAVE_STROPTS_H 1
| #define HAVE_SYS_SOUNDCARD_H 1
| #define HAVE_SYS_IOCTL_H 1
| #define HAVE_TIME_H 1
| #define HAVE_INTTYPES_H 1
| #define HAVE_NET_IF_ARP_H 1
| #define HAVE_PTY_H 1
| #define HAVE_GETOPT_H 1
| #define HAVE_SYSLOG_H 1
| #define HAVE_SCHED_H 1
| #define HAVE_LINUX_SOCKIOS_H 1
| /* end confdefs.h.  */
| #include <stdio.h>
| #ifdef HAVE_SYS_TYPES_H
| # include <sys/types.h>
| #endif
| #ifdef HAVE_SYS_STAT_H
| # include <sys/stat.h>
| #endif
| #ifdef STDC_HEADERS
| # include <stdlib.h>
| # include <stddef.h>
| #else
| # ifdef HAVE_STDLIB_H
| #  include <stdlib.h>
| # endif
| #endif
| #ifdef HAVE_STRING_H
| # if !defined STDC_HEADERS && defined HAVE_MEMORY_H
| #  include <memory.h>
| # endif
| # include <string.h>
| #endif
| #ifdef HAVE_STRINGS_H
| # include <strings.h>
| #endif
| #ifdef HAVE_INTTYPES_H
| # include <inttypes.h>
| #endif
| #ifdef HAVE_STDINT_H
| # include <stdint.h>
| #endif
| #ifdef HAVE_UNISTD_H
| # include <unistd.h>
| #endif
| #include <sys/ioccom.h>
configure:6981: result: no
configure:6981: checking sys/ioccom.h presence
configure:6981: gcc -E  conftest.c
conftest.c:36:24: fatal error: sys/ioccom.h: No such file or directory
 #include <sys/ioccom.h>
                        ^
compilation terminated.
configure:6981: $? = 1
configure: failed program was:
| /* confdefs.h */
| #define PACKAGE_NAME ""
| #define PACKAGE_TARNAME ""
| #define PACKAGE_VERSION ""
| #define PACKAGE_STRING ""
| #define PACKAGE_BUGREPORT ""
| #define PACKAGE_URL ""
| #define PACKAGE "soundmodem"
| #define VERSION "0.16"
| #define STDC_HEADERS 1
| #define HAVE_SYS_TYPES_H 1
| #define HAVE_SYS_STAT_H 1
| #define HAVE_STDLIB_H 1
| #define HAVE_STRING_H 1
| #define HAVE_MEMORY_H 1
| #define HAVE_STRINGS_H 1
| #define HAVE_INTTYPES_H 1
| #define HAVE_STDINT_H 1
| #define HAVE_UNISTD_H 1
| #define HAVE_ALLOCA_H 1
| #define HAVE_ALLOCA 1
| #define HAVE_LIBM 1
| #define HAVE_GETOPT_LONG 1
| #define HAVE_STROPTS_H 1
| #define HAVE_SYS_SOUNDCARD_H 1
| #define HAVE_SYS_IOCTL_H 1
| #define HAVE_TIME_H 1
| #define HAVE_INTTYPES_H 1
| #define HAVE_NET_IF_ARP_H 1
| #define HAVE_PTY_H 1
| #define HAVE_GETOPT_H 1
| #define HAVE_SYSLOG_H 1
| #define HAVE_SCHED_H 1
| #define HAVE_LINUX_SOCKIOS_H 1
| /* end confdefs.h.  */
| #include <sys/ioccom.h>
configure:6981: result: no
configure:6981: checking for sys/ioccom.h
configure:6981: result: no
configure:6981: checking linux/ppdev.h usability
configure:6981: gcc -c -g -O2  conftest.c >&5
configure:6981: $? = 0
configure:6981: result: yes
configure:6981: checking linux/ppdev.h presence
configure:6981: gcc -E  conftest.c
configure:6981: $? = 0
configure:6981: result: yes
configure:6981: checking for linux/ppdev.h
configure:6981: result: yes
configure:6981: checking linux/hidraw.h usability
configure:6981: gcc -c -g -O2  conftest.c >&5
configure:6981: $? = 0
configure:6981: result: yes
configure:6981: checking linux/hidraw.h presence
configure:6981: gcc -E  conftest.c
configure:6981: $? = 0
configure:6981: result: yes
configure:6981: checking for linux/hidraw.h
configure:6981: result: yes
configure:6994: checking for sys/socket.h
configure:6994: gcc -c -g -O2  conftest.c >&5
configure:6994: $? = 0
configure:6994: result: yes
configure:6994: checking for linux/if.h
configure:6994: gcc -c -g -O2  conftest.c >&5
configure:6994: $? = 0
configure:6994: result: yes
configure:7012: checking for sys/socket.h
configure:7012: result: yes
configure:7012: checking for linux/ax25.h
configure:7012: gcc -c -g -O2  conftest.c >&5
configure:7012: $? = 0
configure:7012: result: yes
configure:7030: checking for snprintf
configure:7030: gcc -o conftest -g -O2   conftest.c -lm  >&5
conftest.c:65:6: warning: conflicting types for built-in function 'snprintf'
 char snprintf ();
      ^~~~~~~~
configure:7030: $? = 0
configure:7030: result: yes
configure:7030: checking for vsnprintf
configure:7030: gcc -o conftest -g -O2   conftest.c -lm  >&5
conftest.c:66:6: warning: conflicting types for built-in function 'vsnprintf'
 char vsnprintf ();
      ^~~~~~~~~
configure:7030: $? = 0
configure:7030: result: yes
configure:7030: checking for syslog
configure:7030: gcc -o conftest -g -O2   conftest.c -lm  >&5
configure:7030: $? = 0
configure:7030: result: yes
configure:7030: checking for vsyslog
configure:7030: gcc -o conftest -g -O2   conftest.c -lm  >&5
configure:7030: $? = 0
configure:7030: result: yes
configure:7030: checking for openlog
configure:7030: gcc -o conftest -g -O2   conftest.c -lm  >&5
configure:7030: $? = 0
configure:7030: result: yes
configure:7030: checking for closelog
configure:7030: gcc -o conftest -g -O2   conftest.c -lm  >&5
configure:7030: $? = 0
configure:7030: result: yes
configure:7041: checking for mlockall
configure:7041: gcc -o conftest -g -O2   conftest.c -lm  >&5
configure:7041: $? = 0
configure:7041: result: yes
configure:7051: checking for signed bittypes
configure:7065: gcc -c -g -O2  conftest.c >&5
configure:7065: $? = 0
configure:7071: result: yes
configure:7074: checking for unsigned bittypes
configure:7088: gcc -c -g -O2  conftest.c >&5
configure:7088: $? = 0
configure:7094: result: yes
configure:7097: checking return type of signal handlers
configure:7115: gcc -c -g -O2  conftest.c >&5
conftest.c: In function 'main':
conftest.c:57:10: error: void value not ignored as it ought to be
 return *(signal (0, 0)) (0) == 1;
         ~^~~~~~~~~~~~~~~~~~
configure:7115: $? = 1
configure: failed program was:
| /* confdefs.h */
| #define PACKAGE_NAME ""
| #define PACKAGE_TARNAME ""
| #define PACKAGE_VERSION ""
| #define PACKAGE_STRING ""
| #define PACKAGE_BUGREPORT ""
| #define PACKAGE_URL ""
| #define PACKAGE "soundmodem"
| #define VERSION "0.16"
| #define STDC_HEADERS 1
| #define HAVE_SYS_TYPES_H 1
| #define HAVE_SYS_STAT_H 1
| #define HAVE_STDLIB_H 1
| #define HAVE_STRING_H 1
| #define HAVE_MEMORY_H 1
| #define HAVE_STRINGS_H 1
| #define HAVE_INTTYPES_H 1
| #define HAVE_STDINT_H 1
| #define HAVE_UNISTD_H 1
| #define HAVE_ALLOCA_H 1
| #define HAVE_ALLOCA 1
| #define HAVE_LIBM 1
| #define HAVE_GETOPT_LONG 1
| #define HAVE_STROPTS_H 1
| #define HAVE_SYS_SOUNDCARD_H 1
| #define HAVE_SYS_IOCTL_H 1
| #define HAVE_TIME_H 1
| #define HAVE_INTTYPES_H 1
| #define HAVE_NET_IF_ARP_H 1
| #define HAVE_PTY_H 1
| #define HAVE_GETOPT_H 1
| #define HAVE_SYSLOG_H 1
| #define HAVE_SCHED_H 1
| #define HAVE_LINUX_SOCKIOS_H 1
| #define HAVE_LINUX_PPDEV_H 1
| #define HAVE_LINUX_HIDRAW_H 1
| #define HAVE_SYS_SOCKET_H 1
| #define HAVE_LINUX_IF_H 1
| #define HAVE_SYS_SOCKET_H 1
| #define HAVE_LINUX_AX25_H 1
| #define HAVE_SNPRINTF 1
| #define HAVE_VSNPRINTF 1
| #define HAVE_SYSLOG 1
| #define HAVE_VSYSLOG 1
| #define HAVE_OPENLOG 1
| #define HAVE_CLOSELOG 1
| #define HAVE_MLOCKALL 1
| #define HAVE_SIGNED_BITTYPES 1
| #define HAVE_UNSIGNED_BITTYPES 1
| /* end confdefs.h.  */
| #include <sys/types.h>
| #include <signal.h>
| 
| int
| main ()
| {
| return *(signal (0, 0)) (0) == 1;
|   ;
|   return 0;
| }
configure:7122: result: void
configure:7131: checking for M_PI
configure:7145: gcc -c -g -O2  conftest.c >&5
configure:7145: $? = 0
configure:7153: result: yes
configure:7156: checking for M_LOG10E
configure:7170: gcc -c -g -O2  conftest.c >&5
configure:7170: $? = 0
configure:7178: result: yes
configure:7214: checking for ALSA CFLAGS
configure:7220: result: 
configure:7223: checking for ALSA LDFLAGS
configure:7232: result:  -lasound -lm -ldl -lpthread
configure:7236: checking for libasound headers version >= 1.0.0
configure:7298: gcc -c -g -O2  conftest.c >&5
configure:7298: $? = 0
configure:7299: result: found.
configure:7317: checking for snd_ctl_open in -lasound
configure:7342: gcc -o conftest -g -O2   conftest.c -lasound   -lasound -lm -ldl -lpthread -lm  >&5
configure:7342: $? = 0
configure:7351: result: yes
configure:7394: checking whether NLS is requested
configure:7403: result: yes
configure:7444: checking for msgfmt
configure: trying /usr/bin/msgfmt...
0 translated messages.
configure:7476: result: /usr/bin/msgfmt
configure:7485: checking for gmsgfmt
configure:7516: result: /usr/bin/msgfmt
configure:7567: checking for xgettext
configure: trying /usr/bin/xgettext...
/usr/bin/xgettext: warning: file '/dev/null' extension '' is unknown; will try C
configure:7599: result: /usr/bin/xgettext
configure:7645: checking for msgmerge
configure: trying /usr/bin/msgmerge...
configure:7676: result: /usr/bin/msgmerge
configure:7733: checking for ld used by GCC
configure:7797: result: ld
configure:7804: checking if the linker (ld) is GNU ld
configure:7817: result: yes
configure:7824: checking for shared library run path origin
configure:7837: result: done
configure:8409: checking for CFPreferencesCopyAppValue
configure:8427: gcc -o conftest -g -O2   conftest.c -lasound -lm -ldl -lpthread -lm -Wl,-framework -Wl,CoreFoundation >&5
conftest.c:54:42: fatal error: CoreFoundation/CFPreferences.h: No such file or directory
 #include <CoreFoundation/CFPreferences.h>
                                          ^
compilation terminated.
configure:8427: $? = 1
configure: failed program was:
| /* confdefs.h */
| #define PACKAGE_NAME ""
| #define PACKAGE_TARNAME ""
| #define PACKAGE_VERSION ""
| #define PACKAGE_STRING ""
| #define PACKAGE_BUGREPORT ""
| #define PACKAGE_URL ""
| #define PACKAGE "soundmodem"
| #define VERSION "0.16"
| #define STDC_HEADERS 1
| #define HAVE_SYS_TYPES_H 1
| #define HAVE_SYS_STAT_H 1
| #define HAVE_STDLIB_H 1
| #define HAVE_STRING_H 1
| #define HAVE_MEMORY_H 1
| #define HAVE_STRINGS_H 1
| #define HAVE_INTTYPES_H 1
| #define HAVE_STDINT_H 1
| #define HAVE_UNISTD_H 1
| #define HAVE_ALLOCA_H 1
| #define HAVE_ALLOCA 1
| #define HAVE_LIBM 1
| #define HAVE_GETOPT_LONG 1
| #define HAVE_STROPTS_H 1
| #define HAVE_SYS_SOUNDCARD_H 1
| #define HAVE_SYS_IOCTL_H 1
| #define HAVE_TIME_H 1
| #define HAVE_INTTYPES_H 1
| #define HAVE_NET_IF_ARP_H 1
| #define HAVE_PTY_H 1
| #define HAVE_GETOPT_H 1
| #define HAVE_SYSLOG_H 1
| #define HAVE_SCHED_H 1
| #define HAVE_LINUX_SOCKIOS_H 1
| #define HAVE_LINUX_PPDEV_H 1
| #define HAVE_LINUX_HIDRAW_H 1
| #define HAVE_SYS_SOCKET_H 1
| #define HAVE_LINUX_IF_H 1
| #define HAVE_SYS_SOCKET_H 1
| #define HAVE_LINUX_AX25_H 1
| #define HAVE_SNPRINTF 1
| #define HAVE_VSNPRINTF 1
| #define HAVE_SYSLOG 1
| #define HAVE_VSYSLOG 1
| #define HAVE_OPENLOG 1
| #define HAVE_CLOSELOG 1
| #define HAVE_MLOCKALL 1
| #define HAVE_SIGNED_BITTYPES 1
| #define HAVE_UNSIGNED_BITTYPES 1
| #define RETSIGTYPE void
| #define HAVE_LIBASOUND 1
| #define HAVE_ALSA 1
| /* end confdefs.h.  */
| #include <CoreFoundation/CFPreferences.h>
| int
| main ()
| {
| CFPreferencesCopyAppValue(NULL, NULL)
|   ;
|   return 0;
| }
configure:8436: result: no
configure:8443: checking for CFLocaleCopyCurrent
configure:8461: gcc -o conftest -g -O2   conftest.c -lasound -lm -ldl -lpthread -lm -Wl,-framework -Wl,CoreFoundation >&5
conftest.c:54:37: fatal error: CoreFoundation/CFLocale.h: No such file or directory
 #include <CoreFoundation/CFLocale.h>
                                     ^
compilation terminated.
configure:8461: $? = 1
configure: failed program was:
| /* confdefs.h */
| #define PACKAGE_NAME ""
| #define PACKAGE_TARNAME ""
| #define PACKAGE_VERSION ""
| #define PACKAGE_STRING ""
| #define PACKAGE_BUGREPORT ""
| #define PACKAGE_URL ""
| #define PACKAGE "soundmodem"
| #define VERSION "0.16"
| #define STDC_HEADERS 1
| #define HAVE_SYS_TYPES_H 1
| #define HAVE_SYS_STAT_H 1
| #define HAVE_STDLIB_H 1
| #define HAVE_STRING_H 1
| #define HAVE_MEMORY_H 1
| #define HAVE_STRINGS_H 1
| #define HAVE_INTTYPES_H 1
| #define HAVE_STDINT_H 1
| #define HAVE_UNISTD_H 1
| #define HAVE_ALLOCA_H 1
| #define HAVE_ALLOCA 1
| #define HAVE_LIBM 1
| #define HAVE_GETOPT_LONG 1
| #define HAVE_STROPTS_H 1
| #define HAVE_SYS_SOUNDCARD_H 1
| #define HAVE_SYS_IOCTL_H 1
| #define HAVE_TIME_H 1
| #define HAVE_INTTYPES_H 1
| #define HAVE_NET_IF_ARP_H 1
| #define HAVE_PTY_H 1
| #define HAVE_GETOPT_H 1
| #define HAVE_SYSLOG_H 1
| #define HAVE_SCHED_H 1
| #define HAVE_LINUX_SOCKIOS_H 1
| #define HAVE_LINUX_PPDEV_H 1
| #define HAVE_LINUX_HIDRAW_H 1
| #define HAVE_SYS_SOCKET_H 1
| #define HAVE_LINUX_IF_H 1
| #define HAVE_SYS_SOCKET_H 1
| #define HAVE_LINUX_AX25_H 1
| #define HAVE_SNPRINTF 1
| #define HAVE_VSNPRINTF 1
| #define HAVE_SYSLOG 1
| #define HAVE_VSYSLOG 1
| #define HAVE_OPENLOG 1
| #define HAVE_CLOSELOG 1
| #define HAVE_MLOCKALL 1
| #define HAVE_SIGNED_BITTYPES 1
| #define HAVE_UNSIGNED_BITTYPES 1
| #define RETSIGTYPE void
| #define HAVE_LIBASOUND 1
| #define HAVE_ALSA 1
| /* end confdefs.h.  */
| #include <CoreFoundation/CFLocale.h>
| int
| main ()
| {
| CFLocaleCopyCurrent();
|   ;
|   return 0;
| }
configure:8470: result: no
configure:8519: checking for GNU gettext in libc
configure:8539: gcc -o conftest -g -O2   conftest.c -lasound -lm -ldl -lpthread -lm >&5
configure:8539: $? = 0
configure:8548: result: yes
configure:9339: checking whether to use NLS
configure:9341: result: yes
configure:9344: checking where the gettext function comes from
configure:9355: result: libc
configure:9570: checking for pkg-config
configure:9588: found /usr/bin/pkg-config
configure:9600: result: /usr/bin/pkg-config
configure:9625: checking pkg-config is at least version 0.9.0
configure:9628: result: yes
configure:9638: checking for XML
configure:9645: $PKG_CONFIG --exists --print-errors "libxml-2.0"
configure:9648: $? = 0
configure:9661: $PKG_CONFIG --exists --print-errors "libxml-2.0"
configure:9664: $? = 0
configure:9723: result: yes
configure:9729: checking for GTK
configure:9736: $PKG_CONFIG --exists --print-errors "gtk+-2.0 >= 2.6.0"
configure:9739: $? = 0
configure:9752: $PKG_CONFIG --exists --print-errors "gtk+-2.0 >= 2.6.0"
configure:9755: $? = 0
configure:9814: result: yes
configure:9820: checking for AUDIOFILE
configure:9827: $PKG_CONFIG --exists --print-errors "audiofile"
configure:9830: $? = 0
configure:9843: $PKG_CONFIG --exists --print-errors "audiofile"
configure:9846: $? = 0
configure:9905: result: yes
configure:9916: checking for gtk_widget_set_tooltip_text
configure:9916: gcc -o conftest -g -O2   conftest.c -lgtk-x11-2.0 -lgdk-x11-2.0 -lpangocairo-1.0 -latk-1.0 -lcairo -lgdk_pixbuf-2.0 -lgio-2.0 -lpangoft2-1.0 -lpango-1.0 -lgobject-2.0 -lglib-2.0 -lfontconfig -lfreetype -lasound -lm -ldl -lpthread -lm >&5
configure:9916: $? = 0
configure:9916: result: yes
configure:9916: checking for gtk_widget_is_drawable
configure:9916: gcc -o conftest -g -O2   conftest.c -lgtk-x11-2.0 -lgdk-x11-2.0 -lpangocairo-1.0 -latk-1.0 -lcairo -lgdk_pixbuf-2.0 -lgio-2.0 -lpangoft2-1.0 -lpango-1.0 -lgobject-2.0 -lglib-2.0 -lfontconfig -lfreetype -lasound -lm -ldl -lpthread -lm >&5
configure:9916: $? = 0
configure:9916: result: yes
configure:9916: checking for gtk_widget_get_realized
configure:9916: gcc -o conftest -g -O2   conftest.c -lgtk-x11-2.0 -lgdk-x11-2.0 -lpangocairo-1.0 -latk-1.0 -lcairo -lgdk_pixbuf-2.0 -lgio-2.0 -lpangoft2-1.0 -lpango-1.0 -lgobject-2.0 -lglib-2.0 -lfontconfig -lfreetype -lasound -lm -ldl -lpthread -lm >&5
configure:9916: $? = 0
configure:9916: result: yes
configure:9916: checking for gtk_widget_set_realized
configure:9916: gcc -o conftest -g -O2   conftest.c -lgtk-x11-2.0 -lgdk-x11-2.0 -lpangocairo-1.0 -latk-1.0 -lcairo -lgdk_pixbuf-2.0 -lgio-2.0 -lpangoft2-1.0 -lpango-1.0 -lgobject-2.0 -lglib-2.0 -lfontconfig -lfreetype -lasound -lm -ldl -lpthread -lm >&5
configure:9916: $? = 0
configure:9916: result: yes
configure:9916: checking for gtk_widget_set_can_default
configure:9916: gcc -o conftest -g -O2   conftest.c -lgtk-x11-2.0 -lgdk-x11-2.0 -lpangocairo-1.0 -latk-1.0 -lcairo -lgdk_pixbuf-2.0 -lgio-2.0 -lpangoft2-1.0 -lpango-1.0 -lgobject-2.0 -lglib-2.0 -lfontconfig -lfreetype -lasound -lm -ldl -lpthread -lm >&5
configure:9916: $? = 0
configure:9916: result: yes
configure:9916: checking for gtk_widget_set_can_focus
configure:9916: gcc -o conftest -g -O2   conftest.c -lgtk-x11-2.0 -lgdk-x11-2.0 -lpangocairo-1.0 -latk-1.0 -lcairo -lgdk_pixbuf-2.0 -lgio-2.0 -lpangoft2-1.0 -lpango-1.0 -lgobject-2.0 -lglib-2.0 -lfontconfig -lfreetype -lasound -lm -ldl -lpthread -lm >&5
configure:9916: $? = 0
configure:9916: result: yes
configure:9916: checking for gtk_dialog_get_action_area
configure:9916: gcc -o conftest -g -O2   conftest.c -lgtk-x11-2.0 -lgdk-x11-2.0 -lpangocairo-1.0 -latk-1.0 -lcairo -lgdk_pixbuf-2.0 -lgio-2.0 -lpangoft2-1.0 -lpango-1.0 -lgobject-2.0 -lglib-2.0 -lfontconfig -lfreetype -lasound -lm -ldl -lpthread -lm >&5
configure:9916: $? = 0
configure:9916: result: yes
configure:9916: checking for gtk_dialog_get_content_area
configure:9916: gcc -o conftest -g -O2   conftest.c -lgtk-x11-2.0 -lgdk-x11-2.0 -lpangocairo-1.0 -latk-1.0 -lcairo -lgdk_pixbuf-2.0 -lgio-2.0 -lpangoft2-1.0 -lpango-1.0 -lgobject-2.0 -lglib-2.0 -lfontconfig -lfreetype -lasound -lm -ldl -lpthread -lm >&5
configure:9916: $? = 0
configure:9916: result: yes
configure:9916: checking for gtk_widget_get_allocation
configure:9916: gcc -o conftest -g -O2   conftest.c -lgtk-x11-2.0 -lgdk-x11-2.0 -lpangocairo-1.0 -latk-1.0 -lcairo -lgdk_pixbuf-2.0 -lgio-2.0 -lpangoft2-1.0 -lpango-1.0 -lgobject-2.0 -lglib-2.0 -lfontconfig -lfreetype -lasound -lm -ldl -lpthread -lm >&5
configure:9916: $? = 0
configure:9916: result: yes
configure:9916: checking for gtk_widget_set_allocation
configure:9916: gcc -o conftest -g -O2   conftest.c -lgtk-x11-2.0 -lgdk-x11-2.0 -lpangocairo-1.0 -latk-1.0 -lcairo -lgdk_pixbuf-2.0 -lgio-2.0 -lpangoft2-1.0 -lpango-1.0 -lgobject-2.0 -lglib-2.0 -lfontconfig -lfreetype -lasound -lm -ldl -lpthread -lm >&5
configure:9916: $? = 0
configure:9916: result: yes
configure:9916: checking for gtk_widget_get_state
configure:9916: gcc -o conftest -g -O2   conftest.c -lgtk-x11-2.0 -lgdk-x11-2.0 -lpangocairo-1.0 -latk-1.0 -lcairo -lgdk_pixbuf-2.0 -lgio-2.0 -lpangoft2-1.0 -lpango-1.0 -lgobject-2.0 -lglib-2.0 -lfontconfig -lfreetype -lasound -lm -ldl -lpthread -lm >&5
configure:9916: $? = 0
configure:9916: result: yes
configure:9916: checking for gtk_widget_get_window
configure:9916: gcc -o conftest -g -O2   conftest.c -lgtk-x11-2.0 -lgdk-x11-2.0 -lpangocairo-1.0 -latk-1.0 -lcairo -lgdk_pixbuf-2.0 -lgio-2.0 -lpangoft2-1.0 -lpango-1.0 -lgobject-2.0 -lglib-2.0 -lfontconfig -lfreetype -lasound -lm -ldl -lpthread -lm >&5
configure:9916: $? = 0
configure:9916: result: yes
configure:9916: checking for gtk_widget_set_window
configure:9916: gcc -o conftest -g -O2   conftest.c -lgtk-x11-2.0 -lgdk-x11-2.0 -lpangocairo-1.0 -latk-1.0 -lcairo -lgdk_pixbuf-2.0 -lgio-2.0 -lpangoft2-1.0 -lpango-1.0 -lgobject-2.0 -lglib-2.0 -lfontconfig -lfreetype -lasound -lm -ldl -lpthread -lm >&5
configure:9916: $? = 0
configure:9916: result: yes
configure:9916: checking for gtk_widget_set_has_window
configure:9916: gcc -o conftest -g -O2   conftest.c -lgtk-x11-2.0 -lgdk-x11-2.0 -lpangocairo-1.0 -latk-1.0 -lcairo -lgdk_pixbuf-2.0 -lgio-2.0 -lpangoft2-1.0 -lpango-1.0 -lgobject-2.0 -lglib-2.0 -lfontconfig -lfreetype -lasound -lm -ldl -lpthread -lm >&5
configure:9916: $? = 0
configure:9916: result: yes
configure:9916: checking for gtk_widget_style_attach
configure:9916: gcc -o conftest -g -O2   conftest.c -lgtk-x11-2.0 -lgdk-x11-2.0 -lpangocairo-1.0 -latk-1.0 -lcairo -lgdk_pixbuf-2.0 -lgio-2.0 -lpangoft2-1.0 -lpango-1.0 -lgobject-2.0 -lglib-2.0 -lfontconfig -lfreetype -lasound -lm -ldl -lpthread -lm >&5
configure:9916: $? = 0
configure:9916: result: yes
configure:9940: checking for openpty in -lutil
configure:9965: gcc -o conftest -g -O2 -Wall -O2   conftest.c -lutil   >&5
configure:9965: $? = 0
configure:9974: result: yes
configure:9987: checking for openpty
configure:9987: gcc -o conftest -g -O2 -Wall -O2   conftest.c -lutil  >&5
configure:9987: $? = 0
configure:9987: result: yes
configure:10006: checking for rigerror in -lhamlib
configure:10031: gcc -o conftest -g -O2 -Wall -O2   conftest.c -lhamlib  -lasound -lm -ldl -lpthread -lm >&5
/usr/bin/ld: cannot find -lhamlib
collect2: error: ld returned 1 exit status
configure:10031: $? = 1
configure: failed program was:
| /* confdefs.h */
| #define PACKAGE_NAME ""
| #define PACKAGE_TARNAME ""
| #define PACKAGE_VERSION ""
| #define PACKAGE_STRING ""
| #define PACKAGE_BUGREPORT ""
| #define PACKAGE_URL ""
| #define PACKAGE "soundmodem"
| #define VERSION "0.16"
| #define STDC_HEADERS 1
| #define HAVE_SYS_TYPES_H 1
| #define HAVE_SYS_STAT_H 1
| #define HAVE_STDLIB_H 1
| #define HAVE_STRING_H 1
| #define HAVE_MEMORY_H 1
| #define HAVE_STRINGS_H 1
| #define HAVE_INTTYPES_H 1
| #define HAVE_STDINT_H 1
| #define HAVE_UNISTD_H 1
| #define HAVE_ALLOCA_H 1
| #define HAVE_ALLOCA 1
| #define HAVE_LIBM 1
| #define HAVE_GETOPT_LONG 1
| #define HAVE_STROPTS_H 1
| #define HAVE_SYS_SOUNDCARD_H 1
| #define HAVE_SYS_IOCTL_H 1
| #define HAVE_TIME_H 1
| #define HAVE_INTTYPES_H 1
| #define HAVE_NET_IF_ARP_H 1
| #define HAVE_PTY_H 1
| #define HAVE_GETOPT_H 1
| #define HAVE_SYSLOG_H 1
| #define HAVE_SCHED_H 1
| #define HAVE_LINUX_SOCKIOS_H 1
| #define HAVE_LINUX_PPDEV_H 1
| #define HAVE_LINUX_HIDRAW_H 1
| #define HAVE_SYS_SOCKET_H 1
| #define HAVE_LINUX_IF_H 1
| #define HAVE_SYS_SOCKET_H 1
| #define HAVE_LINUX_AX25_H 1
| #define HAVE_SNPRINTF 1
| #define HAVE_VSNPRINTF 1
| #define HAVE_SYSLOG 1
| #define HAVE_VSYSLOG 1
| #define HAVE_OPENLOG 1
| #define HAVE_CLOSELOG 1
| #define HAVE_MLOCKALL 1
| #define HAVE_SIGNED_BITTYPES 1
| #define HAVE_UNSIGNED_BITTYPES 1
| #define RETSIGTYPE void
| #define HAVE_LIBASOUND 1
| #define HAVE_ALSA 1
| #define ENABLE_NLS 1
| #define HAVE_GETTEXT 1
| #define HAVE_DCGETTEXT 1
| #define PACKAGE_LOCALE_DIR "/usr/local//locale"
| #define PACKAGE_DATA_DIR "${datarootdir}/soundmodem"
| #define PACKAGE_SOURCE_DIR "/home/nick/Prog/soundmodem-0.16"
| #define HAVE_GTK_WIDGET_SET_TOOLTIP_TEXT 1
| #define HAVE_GTK_WIDGET_IS_DRAWABLE 1
| #define HAVE_GTK_WIDGET_GET_REALIZED 1
| #define HAVE_GTK_WIDGET_SET_REALIZED 1
| #define HAVE_GTK_WIDGET_SET_CAN_DEFAULT 1
| #define HAVE_GTK_WIDGET_SET_CAN_FOCUS 1
| #define HAVE_GTK_DIALOG_GET_ACTION_AREA 1
| #define HAVE_GTK_DIALOG_GET_CONTENT_AREA 1
| #define HAVE_GTK_WIDGET_GET_ALLOCATION 1
| #define HAVE_GTK_WIDGET_SET_ALLOCATION 1
| #define HAVE_GTK_WIDGET_GET_STATE 1
| #define HAVE_GTK_WIDGET_GET_WINDOW 1
| #define HAVE_GTK_WIDGET_SET_WINDOW 1
| #define HAVE_GTK_WIDGET_SET_HAS_WINDOW 1
| #define HAVE_GTK_WIDGET_STYLE_ATTACH 1
| #define HAVE_LIBUTIL 1
| #define HAVE_OPENPTY 1
| /* end confdefs.h.  */
| 
| /* Override any GCC internal prototype to avoid an error.
|    Use char because int might match the return type of a GCC
|    builtin and then its argument prototype would still apply.  */
| #ifdef __cplusplus
| extern "C"
| #endif
| char rigerror ();
| int
| main ()
| {
| return rigerror ();
|   ;
|   return 0;
| }
configure:10040: result: no
configure:10054: checking for DirectX includes
configure:10068: gcc -c -g -O2 -Wall -O2 -I./directx/include -I./directx/include/directx6  conftest.c >&5
In file included from conftest.c:77:0:
./directx/include/directx.h:7:21: fatal error: windows.h: No such file or directory
 #include <windows.h>
                     ^
compilation terminated.
configure:10068: $? = 1
configure: failed program was:
| /* confdefs.h */
| #define PACKAGE_NAME ""
| #define PACKAGE_TARNAME ""
| #define PACKAGE_VERSION ""
| #define PACKAGE_STRING ""
| #define PACKAGE_BUGREPORT ""
| #define PACKAGE_URL ""
| #define PACKAGE "soundmodem"
| #define VERSION "0.16"
| #define STDC_HEADERS 1
| #define HAVE_SYS_TYPES_H 1
| #define HAVE_SYS_STAT_H 1
| #define HAVE_STDLIB_H 1
| #define HAVE_STRING_H 1
| #define HAVE_MEMORY_H 1
| #define HAVE_STRINGS_H 1
| #define HAVE_INTTYPES_H 1
| #define HAVE_STDINT_H 1
| #define HAVE_UNISTD_H 1
| #define HAVE_ALLOCA_H 1
| #define HAVE_ALLOCA 1
| #define HAVE_LIBM 1
| #define HAVE_GETOPT_LONG 1
| #define HAVE_STROPTS_H 1
| #define HAVE_SYS_SOUNDCARD_H 1
| #define HAVE_SYS_IOCTL_H 1
| #define HAVE_TIME_H 1
| #define HAVE_INTTYPES_H 1
| #define HAVE_NET_IF_ARP_H 1
| #define HAVE_PTY_H 1
| #define HAVE_GETOPT_H 1
| #define HAVE_SYSLOG_H 1
| #define HAVE_SCHED_H 1
| #define HAVE_LINUX_SOCKIOS_H 1
| #define HAVE_LINUX_PPDEV_H 1
| #define HAVE_LINUX_HIDRAW_H 1
| #define HAVE_SYS_SOCKET_H 1
| #define HAVE_LINUX_IF_H 1
| #define HAVE_SYS_SOCKET_H 1
| #define HAVE_LINUX_AX25_H 1
| #define HAVE_SNPRINTF 1
| #define HAVE_VSNPRINTF 1
| #define HAVE_SYSLOG 1
| #define HAVE_VSYSLOG 1
| #define HAVE_OPENLOG 1
| #define HAVE_CLOSELOG 1
| #define HAVE_MLOCKALL 1
| #define HAVE_SIGNED_BITTYPES 1
| #define HAVE_UNSIGNED_BITTYPES 1
| #define RETSIGTYPE void
| #define HAVE_LIBASOUND 1
| #define HAVE_ALSA 1
| #define ENABLE_NLS 1
| #define HAVE_GETTEXT 1
| #define HAVE_DCGETTEXT 1
| #define PACKAGE_LOCALE_DIR "/usr/local//locale"
| #define PACKAGE_DATA_DIR "${datarootdir}/soundmodem"
| #define PACKAGE_SOURCE_DIR "/home/nick/Prog/soundmodem-0.16"
| #define HAVE_GTK_WIDGET_SET_TOOLTIP_TEXT 1
| #define HAVE_GTK_WIDGET_IS_DRAWABLE 1
| #define HAVE_GTK_WIDGET_GET_REALIZED 1
| #define HAVE_GTK_WIDGET_SET_REALIZED 1
| #define HAVE_GTK_WIDGET_SET_CAN_DEFAULT 1
| #define HAVE_GTK_WIDGET_SET_CAN_FOCUS 1
| #define HAVE_GTK_DIALOG_GET_ACTION_AREA 1
| #define HAVE_GTK_DIALOG_GET_CONTENT_AREA 1
| #define HAVE_GTK_WIDGET_GET_ALLOCATION 1
| #define HAVE_GTK_WIDGET_SET_ALLOCATION 1
| #define HAVE_GTK_WIDGET_GET_STATE 1
| #define HAVE_GTK_WIDGET_GET_WINDOW 1
| #define HAVE_GTK_WIDGET_SET_WINDOW 1
| #define HAVE_GTK_WIDGET_SET_HAS_WINDOW 1
| #define HAVE_GTK_WIDGET_STYLE_ATTACH 1
| #define HAVE_LIBUTIL 1
| #define HAVE_OPENPTY 1
| /* end confdefs.h.  */
| #include <directx.h>
| int
| main ()
| {
|  LPDIRECTSOUND dsplay; LPDIRECTSOUNDCAPTURE dsrec;
|   ;
|   return 0;
| }
configure:10074: result: no
configure:10078: checking for ifr_newname in struct ifreq
configure:10092: gcc -c -g -O2 -Wall -O2  conftest.c >&5
In file included from conftest.c:77:0:
/usr/include/linux/if.h:234:19: error: field 'ifru_addr' has incomplete type
   struct sockaddr ifru_addr;
                   ^~~~~~~~~
/usr/include/linux/if.h:235:19: error: field 'ifru_dstaddr' has incomplete type
   struct sockaddr ifru_dstaddr;
                   ^~~~~~~~~~~~
/usr/include/linux/if.h:236:19: error: field 'ifru_broadaddr' has incomplete type
   struct sockaddr ifru_broadaddr;
                   ^~~~~~~~~~~~~~
/usr/include/linux/if.h:237:19: error: field 'ifru_netmask' has incomplete type
   struct sockaddr ifru_netmask;
                   ^~~~~~~~~~~~
/usr/include/linux/if.h:238:20: error: field 'ifru_hwaddr' has incomplete type
   struct  sockaddr ifru_hwaddr;
                    ^~~~~~~~~~~
conftest.c: In function 'main':
conftest.c:81:14: warning: variable 'ifr' set but not used [-Wunused-but-set-variable]
 struct ifreq ifr; ifr.ifr_newname[0]=0;
              ^~~
configure:10092: $? = 1
configure: failed program was:
| /* confdefs.h */
| #define PACKAGE_NAME ""
| #define PACKAGE_TARNAME ""
| #define PACKAGE_VERSION ""
| #define PACKAGE_STRING ""
| #define PACKAGE_BUGREPORT ""
| #define PACKAGE_URL ""
| #define PACKAGE "soundmodem"
| #define VERSION "0.16"
| #define STDC_HEADERS 1
| #define HAVE_SYS_TYPES_H 1
| #define HAVE_SYS_STAT_H 1
| #define HAVE_STDLIB_H 1
| #define HAVE_STRING_H 1
| #define HAVE_MEMORY_H 1
| #define HAVE_STRINGS_H 1
| #define HAVE_INTTYPES_H 1
| #define HAVE_STDINT_H 1
| #define HAVE_UNISTD_H 1
| #define HAVE_ALLOCA_H 1
| #define HAVE_ALLOCA 1
| #define HAVE_LIBM 1
| #define HAVE_GETOPT_LONG 1
| #define HAVE_STROPTS_H 1
| #define HAVE_SYS_SOUNDCARD_H 1
| #define HAVE_SYS_IOCTL_H 1
| #define HAVE_TIME_H 1
| #define HAVE_INTTYPES_H 1
| #define HAVE_NET_IF_ARP_H 1
| #define HAVE_PTY_H 1
| #define HAVE_GETOPT_H 1
| #define HAVE_SYSLOG_H 1
| #define HAVE_SCHED_H 1
| #define HAVE_LINUX_SOCKIOS_H 1
| #define HAVE_LINUX_PPDEV_H 1
| #define HAVE_LINUX_HIDRAW_H 1
| #define HAVE_SYS_SOCKET_H 1
| #define HAVE_LINUX_IF_H 1
| #define HAVE_SYS_SOCKET_H 1
| #define HAVE_LINUX_AX25_H 1
| #define HAVE_SNPRINTF 1
| #define HAVE_VSNPRINTF 1
| #define HAVE_SYSLOG 1
| #define HAVE_VSYSLOG 1
| #define HAVE_OPENLOG 1
| #define HAVE_CLOSELOG 1
| #define HAVE_MLOCKALL 1
| #define HAVE_SIGNED_BITTYPES 1
| #define HAVE_UNSIGNED_BITTYPES 1
| #define RETSIGTYPE void
| #define HAVE_LIBASOUND 1
| #define HAVE_ALSA 1
| #define ENABLE_NLS 1
| #define HAVE_GETTEXT 1
| #define HAVE_DCGETTEXT 1
| #define PACKAGE_LOCALE_DIR "/usr/local//locale"
| #define PACKAGE_DATA_DIR "${datarootdir}/soundmodem"
| #define PACKAGE_SOURCE_DIR "/home/nick/Prog/soundmodem-0.16"
| #define HAVE_GTK_WIDGET_SET_TOOLTIP_TEXT 1
| #define HAVE_GTK_WIDGET_IS_DRAWABLE 1
| #define HAVE_GTK_WIDGET_GET_REALIZED 1
| #define HAVE_GTK_WIDGET_SET_REALIZED 1
| #define HAVE_GTK_WIDGET_SET_CAN_DEFAULT 1
| #define HAVE_GTK_WIDGET_SET_CAN_FOCUS 1
| #define HAVE_GTK_DIALOG_GET_ACTION_AREA 1
| #define HAVE_GTK_DIALOG_GET_CONTENT_AREA 1
| #define HAVE_GTK_WIDGET_GET_ALLOCATION 1
| #define HAVE_GTK_WIDGET_SET_ALLOCATION 1
| #define HAVE_GTK_WIDGET_GET_STATE 1
| #define HAVE_GTK_WIDGET_GET_WINDOW 1
| #define HAVE_GTK_WIDGET_SET_WINDOW 1
| #define HAVE_GTK_WIDGET_SET_HAS_WINDOW 1
| #define HAVE_GTK_WIDGET_STYLE_ATTACH 1
| #define HAVE_LIBUTIL 1
| #define HAVE_OPENPTY 1
| /* end confdefs.h.  */
| #include <linux/if.h>
| int
| main ()
| {
| struct ifreq ifr; ifr.ifr_newname[0]=0;
|   ;
|   return 0;
| }
configure:10098: result: no
configure:10105: checking for vsnprintf
configure:10105: result: yes
configure:10123: checking for random
configure:10123: gcc -o conftest -g -O2 -Wall -O2   conftest.c  >&5
configure:10123: $? = 0
configure:10123: result: yes
configure:10141: checking for MKISS (N_AX25 line discipline)
configure:10160: result: yes
configure:10432: creating ./config.status

## ---------------------- ##
## Running config.status. ##
## ---------------------- ##

This file was extended by config.status, which was
generated by GNU Autoconf 2.68.  Invocation command line was

  CONFIG_FILES    = 
  CONFIG_HEADERS  = 
  CONFIG_LINKS    = 
  CONFIG_COMMANDS = 
  $ ./config.status 

on nick

config.status:1020: creating Makefile
config.status:1020: creating po/Makefile.in
config.status:1020: creating directx/Makefile
config.status:1020: creating libmisc/Makefile
config.status:1020: creating matlib/Makefile
config.status:1020: creating afsk/Makefile
config.status:1020: creating fsk/Makefile
config.status:1020: creating pammodem/Makefile
config.status:1020: creating pskmodem/Makefile
config.status:1020: creating newqpsk/Makefile
config.status:1020: creating p3dmodem/Makefile
config.status:1020: creating soundcard/Makefile
config.status:1020: creating flexdrv/Makefile
config.status:1020: creating doc/Makefile
config.status:1020: creating configapp/Makefile
config.status:1020: creating configapp/src/Makefile
config.status:1020: creating config.h
config.status:1201: config.h is unchanged
config.status:1249: executing depfiles commands
config.status:1249: executing po-directories commands

## ---------------- ##
## Cache variables. ##
## ---------------- ##

ac_cv_build=x86_64-unknown-linux-gnu
ac_cv_c_compiler_gnu=yes
ac_cv_c_const=yes
ac_cv_c_inline=inline
ac_cv_cxx_compiler_gnu=yes
ac_cv_env_AUDIOFILE_CFLAGS_set=
ac_cv_env_AUDIOFILE_CFLAGS_value=
ac_cv_env_AUDIOFILE_LIBS_set=
ac_cv_env_AUDIOFILE_LIBS_value=
ac_cv_env_CCC_set=
ac_cv_env_CCC_value=
ac_cv_env_CC_set=
ac_cv_env_CC_value=
ac_cv_env_CFLAGS_set=
ac_cv_env_CFLAGS_value=
ac_cv_env_CPPFLAGS_set=
ac_cv_env_CPPFLAGS_value=
ac_cv_env_CPP_set=
ac_cv_env_CPP_value=
ac_cv_env_CXXFLAGS_set=
ac_cv_env_CXXFLAGS_value=
ac_cv_env_CXX_set=
ac_cv_env_CXX_value=
ac_cv_env_GTK_CFLAGS_set=
ac_cv_env_GTK_CFLAGS_value=
ac_cv_env_GTK_LIBS_set=
ac_cv_env_GTK_LIBS_value=
ac_cv_env_LDFLAGS_set=
ac_cv_env_LDFLAGS_value=
ac_cv_env_LIBS_set=
ac_cv_env_LIBS_value=
ac_cv_env_PKG_CONFIG_LIBDIR_set=
ac_cv_env_PKG_CONFIG_LIBDIR_value=
ac_cv_env_PKG_CONFIG_PATH_set=
ac_cv_env_PKG_CONFIG_PATH_value=
ac_cv_env_PKG_CONFIG_set=
ac_cv_env_PKG_CONFIG_value=
ac_cv_env_XML_CFLAGS_set=
ac_cv_env_XML_CFLAGS_value=
ac_cv_env_XML_LIBS_set=
ac_cv_env_XML_LIBS_value=
ac_cv_env_build_alias_set=
ac_cv_env_build_alias_value=
ac_cv_env_host_alias_set=
ac_cv_env_host_alias_value=
ac_cv_env_target_alias_set=
ac_cv_env_target_alias_value=
ac_cv_func_alloca_works=yes
ac_cv_func_closelog=yes
ac_cv_func_getopt_long=yes
ac_cv_func_gtk_dialog_get_action_area=yes
ac_cv_func_gtk_dialog_get_content_area=yes
ac_cv_func_gtk_widget_get_allocation=yes
ac_cv_func_gtk_widget_get_realized=yes
ac_cv_func_gtk_widget_get_state=yes
ac_cv_func_gtk_widget_get_window=yes
ac_cv_func_gtk_widget_is_drawable=yes
ac_cv_func_gtk_widget_set_allocation=yes
ac_cv_func_gtk_widget_set_can_default=yes
ac_cv_func_gtk_widget_set_can_focus=yes
ac_cv_func_gtk_widget_set_has_window=yes
ac_cv_func_gtk_widget_set_realized=yes
ac_cv_func_gtk_widget_set_tooltip_text=yes
ac_cv_func_gtk_widget_set_window=yes
ac_cv_func_gtk_widget_style_attach=yes
ac_cv_func_mlockall=yes
ac_cv_func_openlog=yes
ac_cv_func_openpty=yes
ac_cv_func_random=yes
ac_cv_func_snprintf=yes
ac_cv_func_syslog=yes
ac_cv_func_vsnprintf=yes
ac_cv_func_vsyslog=yes
ac_cv_header_getopt_h=yes
ac_cv_header_inttypes_h=yes
ac_cv_header_linux_ax25_h=yes
ac_cv_header_linux_hidraw_h=yes
ac_cv_header_linux_if_h=yes
ac_cv_header_linux_ppdev_h=yes
ac_cv_header_linux_sockios_h=yes
ac_cv_header_memory_h=yes
ac_cv_header_net_if_arp_h=yes
ac_cv_header_pty_h=yes
ac_cv_header_sched_h=yes
ac_cv_header_stdc=yes
ac_cv_header_stdint_h=yes
ac_cv_header_stdlib_h=yes
ac_cv_header_string_h=yes
ac_cv_header_strings_h=yes
ac_cv_header_stropts_h=yes
ac_cv_header_sys_audioio_h=no
ac_cv_header_sys_conf_h=no
ac_cv_header_sys_ioccom_h=no
ac_cv_header_sys_ioctl_h=yes
ac_cv_header_sys_socket_h=yes
ac_cv_header_sys_soundcard_h=yes
ac_cv_header_sys_stat_h=yes
ac_cv_header_sys_types_h=yes
ac_cv_header_syslog_h=yes
ac_cv_header_time_h=yes
ac_cv_header_unistd_h=yes
ac_cv_host=x86_64-unknown-linux-gnu
ac_cv_lib_asound_snd_ctl_open=yes
ac_cv_lib_hamlib_rigerror=no
ac_cv_lib_m_sqrt=yes
ac_cv_lib_posix4_sched_setscheduler=no
ac_cv_lib_pthread32_pthread_create=no
ac_cv_lib_pthread_pthread_create=yes
ac_cv_lib_util_openpty=yes
ac_cv_lib_uuid_GUID_NULL=no
ac_cv_objext=o
ac_cv_path_EGREP='/usr/bin/grep -E'
ac_cv_path_GMSGFMT=/usr/bin/msgfmt
ac_cv_path_GREP=/usr/bin/grep
ac_cv_path_MSGFMT=/usr/bin/msgfmt
ac_cv_path_MSGMERGE=/usr/bin/msgmerge
ac_cv_path_XGETTEXT=/usr/bin/xgettext
ac_cv_path_ac_pt_PKG_CONFIG=/usr/bin/pkg-config
ac_cv_path_install='/usr/bin/install -c'
ac_cv_path_mkdir=/usr/bin/mkdir
ac_cv_prog_AR=ar
ac_cv_prog_AS=as
ac_cv_prog_AWK=gawk
ac_cv_prog_CPP='gcc -E'
ac_cv_prog_DLLTOOL=dlltool
ac_cv_prog_LD=ld
ac_cv_prog_RANLIB=ranlib
ac_cv_prog_WINDRES=i686-pc-cygwin-windres
ac_cv_prog_ac_ct_CC=gcc
ac_cv_prog_ac_ct_CXX=g++
ac_cv_prog_cc_c89=
ac_cv_prog_cc_g=yes
ac_cv_prog_cxx_g=yes
ac_cv_prog_make_make_set=yes
ac_cv_search_strerror='none required'
ac_cv_target=x86_64-unknown-linux-gnu
ac_cv_type_signal=void
ac_cv_type_size_t=yes
ac_cv_working_alloca_h=yes
acl_cv_hardcode_direct=no
acl_cv_hardcode_libdir_flag_spec='${wl}-rpath ${wl}$libdir'
acl_cv_hardcode_libdir_separator=
acl_cv_hardcode_minus_L=no
acl_cv_libext=a
acl_cv_libname_spec='lib$name'
acl_cv_library_names_spec='$libname$shrext'
acl_cv_path_LD=ld
acl_cv_prog_gnu_ld=yes
acl_cv_rpath=done
acl_cv_shlibext=so
acl_cv_wl=-Wl,
am_cv_CC_dependencies_compiler_type=gcc3
am_cv_CXX_dependencies_compiler_type=gcc3
am_cv_prog_cc_stdc=
gt_cv_func_CFLocaleCopyCurrent=no
gt_cv_func_CFPreferencesCopyAppValue=no
gt_cv_func_gnugettext1_libc=yes
pkg_cv_AUDIOFILE_CFLAGS=
pkg_cv_AUDIOFILE_LIBS=-laudiofile
pkg_cv_GTK_CFLAGS='-pthread -I/usr/include/gtk-2.0 -I/usr/lib/gtk-2.0/include -I/usr/include/pango-1.0 -I/usr/include/atk-1.0 -I/usr/include/cairo -I/usr/include/pixman-1 -I/usr/include/libdrm -I/usr/include/gdk-pixbuf-2.0 -I/usr/include/libpng16 -I/usr/include/pango-1.0 -I/usr/include/freetype2 -I/usr/include/libpng16 -I/usr/include/harfbuzz -I/usr/include/glib-2.0 -I/usr/lib/glib-2.0/include -I/usr/include/freetype2 -I/usr/include/libpng16 -I/usr/include/harfbuzz -I/usr/include/glib-2.0 -I/usr/lib/glib-2.0/include'
pkg_cv_GTK_LIBS='-lgtk-x11-2.0 -lgdk-x11-2.0 -lpangocairo-1.0 -latk-1.0 -lcairo -lgdk_pixbuf-2.0 -lgio-2.0 -lpangoft2-1.0 -lpango-1.0 -lgobject-2.0 -lglib-2.0 -lfontconfig -lfreetype'
pkg_cv_XML_CFLAGS=-I/usr/include/libxml2
pkg_cv_XML_LIBS=-lxml2

## ----------------- ##
## Output variables. ##
## ----------------- ##

ACLOCAL='${SHELL} /home/nick/Prog/soundmodem-0.16/missing --run aclocal-1.11'
ALLOCA=''
ALSA_CFLAGS=''
ALSA_LIBS=' -lasound -lm -ldl -lpthread'
AMDEPBACKSLASH='\'
AMDEP_FALSE='#'
AMDEP_TRUE=''
AMTAR='${SHELL} /home/nick/Prog/soundmodem-0.16/missing --run tar'
AR='ar'
AS='as'
AUDIOFILE_CFLAGS=''
AUDIOFILE_LIBS='-laudiofile'
AUTOCONF='${SHELL} /home/nick/Prog/soundmodem-0.16/missing --run autoconf'
AUTOHEADER='${SHELL} /home/nick/Prog/soundmodem-0.16/missing --run autoheader'
AUTOMAKE='${SHELL} /home/nick/Prog/soundmodem-0.16/missing --run automake-1.11'
AWK='gawk'
CC='gcc'
CCDEPMODE='depmode=gcc3'
CFLAGS='-g -O2 -Wall -O2'
CPP='gcc -E'
CPPFLAGS=''
CROSSCOMP_FALSE=''
CROSSCOMP_TRUE='#'
CXX='g++'
CXXDEPMODE='depmode=gcc3'
CXXFLAGS='-g -O2 -Wall -O2'
CYGPATH_W='echo'
DEFS='-DHAVE_CONFIG_H'
DEPDIR='.deps'
DIRECTX_FALSE=''
DIRECTX_TRUE='#'
DLLTOOL='dlltool'
ECHO_C=''
ECHO_N='-n'
ECHO_T=''
EGREP='/usr/bin/grep -E'
EXEEXT=''
GETTEXT_MACRO_VERSION='0.18'
GMSGFMT='/usr/bin/msgfmt'
GMSGFMT_015='/usr/bin/msgfmt'
GREP='/usr/bin/grep'
GTK_CFLAGS='-pthread -I/usr/include/gtk-2.0 -I/usr/lib/gtk-2.0/include -I/usr/include/pango-1.0 -I/usr/include/atk-1.0 -I/usr/include/cairo -I/usr/include/pixman-1 -I/usr/include/libdrm -I/usr/include/gdk-pixbuf-2.0 -I/usr/include/libpng16 -I/usr/include/pango-1.0 -I/usr/include/freetype2 -I/usr/include/libpng16 -I/usr/include/harfbuzz -I/usr/include/glib-2.0 -I/usr/lib/glib-2.0/include -I/usr/include/freetype2 -I/usr/include/libpng16 -I/usr/include/harfbuzz -I/usr/include/glib-2.0 -I/usr/lib/glib-2.0/include'
GTK_LIBS='-lgtk-x11-2.0 -lgdk-x11-2.0 -lpangocairo-1.0 -latk-1.0 -lcairo -lgdk_pixbuf-2.0 -lgio-2.0 -lpangoft2-1.0 -lpango-1.0 -lgobject-2.0 -lglib-2.0 -lfontconfig -lfreetype'
HAVE_ALSA=''
HAVE_BITTYPES=''
HAVE_DIRECTX=''
HAVE_IFRNEWNAME=''
HAVE_MKISS=''
INSTALL_DATA='${INSTALL} -m 644'
INSTALL_PROGRAM='${INSTALL}'
INSTALL_SCRIPT='${INSTALL}'
INSTALL_STRIP_PROGRAM='$(install_sh) -c -s'
INTLLIBS=''
INTL_MACOSX_LIBS=''
LD='ld'
LDFLAGS=''
LIBICONV='-liconv'
LIBINTL=''
LIBOBJS=''
LIBS='-lasound -lm -ldl -lpthread -lm'
LIBTHREAD=' -lpthread -lutil '
LTLIBICONV='-liconv'
LTLIBINTL=''
LTLIBOBJS=''
MAKEINFO='${SHELL} /home/nick/Prog/soundmodem-0.16/missing --run makeinfo'
MKDIR_P='/usr/bin/mkdir -p'
MSGFMT='/usr/bin/msgfmt'
MSGFMT_015='/usr/bin/msgfmt'
MSGMERGE='/usr/bin/msgmerge'
M_PI=''
OBJEXT='o'
PACKAGE='soundmodem'
PACKAGE_BUGREPORT=''
PACKAGE_NAME=''
PACKAGE_STRING=''
PACKAGE_TARNAME=''
PACKAGE_URL=''
PACKAGE_VERSION=''
PATH_SEPARATOR=':'
PKG_CONFIG='/usr/bin/pkg-config'
PKG_CONFIG_LIBDIR=''
PKG_CONFIG_PATH=''
POSUB='po'
PTHREAD_CFLAGS=''
PTHREAD_LIBS=''
RANLIB='ranlib'
SET_MAKE=''
SHELL='/bin/sh'
STRIP=''
USEMMX=''
USEMMX_FALSE=''
USEMMX_TRUE='#'
USEVIS=''
USEVIS_FALSE=''
USEVIS_TRUE='#'
USE_NLS='yes'
VERSION='0.16'
WIN32=''
WIN32_FALSE=''
WIN32_TRUE='#'
WINDRES='i686-pc-cygwin-windres'
XGETTEXT='/usr/bin/xgettext'
XGETTEXT_015='/usr/bin/xgettext'
XGETTEXT_EXTRA_OPTIONS=''
XML_CFLAGS='-I/usr/include/libxml2'
XML_LIBS='-lxml2'
ac_ct_CC='gcc'
ac_ct_CXX='g++'
am__EXEEXT_FALSE=''
am__EXEEXT_TRUE='#'
am__fastdepCC_FALSE='#'
am__fastdepCC_TRUE=''
am__fastdepCXX_FALSE='#'
am__fastdepCXX_TRUE=''
am__include='include'
am__isrc=''
am__leading_dot='.'
am__quote=''
am__tar='${AMTAR} chof - "$$tardir"'
am__untar='${AMTAR} xf -'
bindir='${exec_prefix}/bin'
build='x86_64-unknown-linux-gnu'
build_alias=''
build_cpu='x86_64'
build_os='linux-gnu'
build_vendor='unknown'
datadir='${datarootdir}'
datarootdir='${prefix}/share'
docdir='${datarootdir}/doc/${PACKAGE}'
dvidir='${docdir}'
exec_prefix='${prefix}'
host='x86_64-unknown-linux-gnu'
host_alias=''
host_cpu='x86_64'
host_os='linux-gnu'
host_vendor='unknown'
htmldir='${docdir}'
includedir='${prefix}/include'
infodir='${datarootdir}/info'
install_sh='${SHELL} /home/nick/Prog/soundmodem-0.16/install-sh'
libdir='${exec_prefix}/lib'
libexecdir='${exec_prefix}/libexec'
localedir='${datarootdir}/locale'
localstatedir='${prefix}/var'
mandir='${datarootdir}/man'
mkdir_p='/usr/bin/mkdir -p'
oldincludedir='/usr/include'
pdfdir='${docdir}'
prefix='/usr/local'
program_transform_name='s,x,x,'
psdir='${docdir}'
sbindir='${exec_prefix}/sbin'
sharedstatedir='${prefix}/com'
sysconfdir='${prefix}/etc'
target='x86_64-unknown-linux-gnu'
target_alias=''
target_cpu='x86_64'
target_os='linux-gnu'
target_vendor='unknown'

## ----------- ##
## confdefs.h. ##
## ----------- ##

/* confdefs.h */
#define PACKAGE_NAME ""
#define PACKAGE_TARNAME ""
#define PACKAGE_VERSION ""
#define PACKAGE_STRING ""
#define PACKAGE_BUGREPORT ""
#define PACKAGE_URL ""
#define PACKAGE "soundmodem"
#define VERSION "0.16"
#define STDC_HEADERS 1
#define HAVE_SYS_TYPES_H 1
#define HAVE_SYS_STAT_H 1
#define HAVE_STDLIB_H 1
#define HAVE_STRING_H 1
#define HAVE_MEMORY_H 1
#define HAVE_STRINGS_H 1
#define HAVE_INTTYPES_H 1
#define HAVE_STDINT_H 1
#define HAVE_UNISTD_H 1
#define HAVE_ALLOCA_H 1
#define HAVE_ALLOCA 1
#define HAVE_LIBM 1
#define HAVE_GETOPT_LONG 1
#define HAVE_STROPTS_H 1
#define HAVE_SYS_SOUNDCARD_H 1
#define HAVE_SYS_IOCTL_H 1
#define HAVE_TIME_H 1
#define HAVE_INTTYPES_H 1
#define HAVE_NET_IF_ARP_H 1
#define HAVE_PTY_H 1
#define HAVE_GETOPT_H 1
#define HAVE_SYSLOG_H 1
#define HAVE_SCHED_H 1
#define HAVE_LINUX_SOCKIOS_H 1
#define HAVE_LINUX_PPDEV_H 1
#define HAVE_LINUX_HIDRAW_H 1
#define HAVE_SYS_SOCKET_H 1
#define HAVE_LINUX_IF_H 1
#define HAVE_SYS_SOCKET_H 1
#define HAVE_LINUX_AX25_H 1
#define HAVE_SNPRINTF 1
#define HAVE_VSNPRINTF 1
#define HAVE_SYSLOG 1
#define HAVE_VSYSLOG 1
#define HAVE_OPENLOG 1
#define HAVE_CLOSELOG 1
#define HAVE_MLOCKALL 1
#define HAVE_SIGNED_BITTYPES 1
#define HAVE_UNSIGNED_BITTYPES 1
#define RETSIGTYPE void
#define HAVE_LIBASOUND 1
#define HAVE_ALSA 1
#define ENABLE_NLS 1
#define HAVE_GETTEXT 1
#define HAVE_DCGETTEXT 1
#define PACKAGE_LOCALE_DIR "/usr/local//locale"
#define PACKAGE_DATA_DIR "${datarootdir}/soundmodem"
#define PACKAGE_SOURCE_DIR "/home/nick/Prog/soundmodem-0.16"
#define HAVE_GTK_WIDGET_SET_TOOLTIP_TEXT 1
#define HAVE_GTK_WIDGET_IS_DRAWABLE 1
#define HAVE_GTK_WIDGET_GET_REALIZED 1
#define HAVE_GTK_WIDGET_SET_REALIZED 1
#define HAVE_GTK_WIDGET_SET_CAN_DEFAULT 1
#define HAVE_GTK_WIDGET_SET_CAN_FOCUS 1
#define HAVE_GTK_DIALOG_GET_ACTION_AREA 1
#define HAVE_GTK_DIALOG_GET_CONTENT_AREA 1
#define HAVE_GTK_WIDGET_GET_ALLOCATION 1
#define HAVE_GTK_WIDGET_SET_ALLOCATION 1
#define HAVE_GTK_WIDGET_GET_STATE 1
#define HAVE_GTK_WIDGET_GET_WINDOW 1
#define HAVE_GTK_WIDGET_SET_WINDOW 1
#define HAVE_GTK_WIDGET_SET_HAS_WINDOW 1
#define HAVE_GTK_WIDGET_STYLE_ATTACH 1
#define HAVE_LIBUTIL 1
#define HAVE_OPENPTY 1
#define HAVE_VSNPRINTF 1
#define HAVE_RANDOM 1
#define HAVE_MKISS 1

configure: exit 0
